> Task :compileJava UP-TO-DATE
> Task :processResources UP-TO-DATE
> Task :classes UP-TO-DATE
> Task :resolveMainClassName UP-TO-DATE

> Task :bootRun

  .   ____          _            __ _ _
 /\\ / ___'_ __ _ _(_)_ __  __ _ \ \ \ \
( ( )\___ | '_ | '_| | '_ \/ _` | \ \ \ \
 \\/  ___)| |_)| | | | | || (_| |  ) ) ) )
  '  |____| .__|_| |_|_| |_\__, | / / / /
 =========|_|==============|___/=/_/_/_/

 :: Spring Boot ::                (v3.5.3)

2025-06-26T22:53:13.730+05:30  INFO 36482 --- [adventure-backend] [           main] c.adventure.AdventureBackendApplication  : Starting AdventureBackendApplication using Java 21.0.5 with PID 36482 (/Users/amangupta/personalProjects/CodeVault/sde3-java-backend-prep/build/classes/java/main started by amangupta in /Users/amangupta/personalProjects/CodeVault/sde3-java-backend-prep)
2025-06-26T22:53:13.731+05:30  INFO 36482 --- [adventure-backend] [           main] c.adventure.AdventureBackendApplication  : No active profile set, falling back to 1 default profile: "default"
2025-06-26T22:53:14.028+05:30  INFO 36482 --- [adventure-backend] [           main] o.s.b.w.embedded.tomcat.TomcatWebServer  : Tomcat initialized with port 8080 (http)
2025-06-26T22:53:14.037+05:30  INFO 36482 --- [adventure-backend] [           main] o.apache.catalina.core.StandardService   : Starting service [Tomcat]
2025-06-26T22:53:14.037+05:30  INFO 36482 --- [adventure-backend] [           main] o.apache.catalina.core.StandardEngine    : Starting Servlet engine: [Apache Tomcat/10.1.42]
2025-06-26T22:53:14.056+05:30  INFO 36482 --- [adventure-backend] [           main] o.a.c.c.C.[Tomcat].[localhost].[/]       : Initializing Spring embedded WebApplicationContext
2025-06-26T22:53:14.056+05:30  INFO 36482 --- [adventure-backend] [           main] w.s.c.ServletWebServerApplicationContext : Root WebApplicationContext: initialization completed in 309 ms
2025-06-26T22:53:14.185+05:30  INFO 36482 --- [adventure-backend] [           main] o.s.b.w.embedded.tomcat.TomcatWebServer  : Tomcat started on port 8080 (http) with context path '/'
2025-06-26T22:53:14.189+05:30  INFO 36482 --- [adventure-backend] [           main] c.adventure.AdventureBackendApplication  : Started AdventureBackendApplication in 0.622 seconds (process running for 0.753)
